SF:lib\main.dart
DA:8,0
DA:9,0
DA:13,2
DA:16,1
DA:18,2
DA:19,1
DA:20,1
DA:22,1
DA:23,1
DA:24,3
DA:26,1
DA:29,1
DA:30,1
LF:13
LH:11
end_of_record
SF:lib\view\home_view.dart
DA:11,1
DA:13,1
DA:14,1
DA:31,1
DA:35,1
DA:36,1
DA:37,3
DA:38,1
DA:39,1
DA:40,3
DA:41,1
DA:43,2
DA:44,1
DA:45,1
DA:46,1
DA:47,1
DA:48,1
DA:49,1
DA:50,3
DA:51,2
DA:52,2
DA:55,1
DA:57,2
DA:58,1
DA:59,2
DA:60,1
DA:62,1
DA:69,1
DA:70,1
DA:72,1
DA:74,1
DA:77,1
DA:78,3
DA:79,1
DA:80,1
DA:81,1
DA:84,1
DA:85,2
DA:86,2
DA:88,1
DA:89,1
DA:90,0
DA:91,0
DA:92,0
DA:93,0
DA:96,1
DA:97,0
DA:100,1
DA:101,0
DA:114,1
DA:115,0
DA:116,0
DA:117,0
DA:128,0
DA:129,0
DA:132,0
DA:133,0
DA:137,0
DA:138,0
DA:139,0
DA:140,0
DA:141,0
DA:142,0
DA:143,0
DA:144,0
DA:146,0
DA:149,0
DA:150,0
DA:151,0
DA:152,0
DA:153,0
DA:155,0
DA:156,0
DA:157,0
DA:158,0
DA:160,0
LF:76
LH:44
end_of_record
SF:lib\view_model\item_view_model.dart
DA:9,2
DA:11,2
DA:14,0
DA:16,0
DA:17,0
DA:18,0
DA:21,0
DA:22,0
DA:23,0
DA:26,0
DA:27,0
DA:28,0
DA:29,0
DA:30,0
DA:33,0
DA:34,0
DA:35,0
DA:38,0
DA:39,0
DA:40,0
DA:43,0
DA:44,0
DA:45,0
LF:23
LH:2
end_of_record
SF:lib\utils\screen_utils.dart
DA:6,0
LF:1
LH:0
end_of_record
SF:lib\model\item_model.dart
DA:3,1
DA:13,0
DA:14,0
DA:15,0
DA:16,0
DA:19,0
DA:20,0
DA:21,0
DA:22,0
LF:9
LH:1
end_of_record
SF:lib\view_model\item_form_widget.dart
DA:10,1
DA:12,1
DA:13,1
DA:22,1
DA:24,1
DA:25,1
DA:26,4
DA:27,1
DA:28,1
DA:29,1
DA:30,0
DA:31,0
DA:32,0
DA:34,1
DA:35,2
DA:36,2
DA:38,1
DA:39,1
DA:40,1
DA:42,1
DA:43,3
DA:44,1
DA:45,1
DA:46,0
DA:47,0
DA:53,1
DA:54,1
DA:55,0
DA:56,0
DA:63,1
DA:65,1
DA:66,1
DA:68,0
DA:72,0
DA:73,0
DA:75,0
DA:76,0
DA:77,0
DA:78,0
DA:80,0
DA:83,0
DA:84,0
DA:85,0
DA:86,0
DA:88,0
DA:89,0
DA:91,0
DA:92,0
DA:95,2
DA:96,1
DA:97,0
DA:98,1
DA:99,0
DA:100,0
DA:101,0
DA:102,0
LF:56
LH:28
end_of_record
